生成启动时间为 2016/2/18 18:26:35。
项目“C:\Users\kan\Desktop\Character_Recognition\Character_Recognition\Character_Recognition.vcxproj”在节点 2 上(build 个目标)。
InitializeBuildStatus:
  正在对“Debug\Character_Recognition.unsuccessfulbuild”执行 Touch 任务。
ClCompile:
  c:\Program Files (x86)\Microsoft Visual Studio 10.0\VC\bin\CL.exe /c /ZI /nologo /W3 /WX- /Od /Oy- /D WIN32 /D _DEBUG /D _CONSOLE /D _UNICODE /D UNICODE /Gm /EHsc /RTC1 /MDd /GS /fp:precise /Zc:wchar_t /Zc:forScope /Fo"Debug\\" /Fd"Debug\vc100.pdb" /Gd /TP /analyze- /errorReport:prompt main.cpp
  main.cpp
ManifestResourceCompile:
  所有输出均为最新。
Link:
  c:\Program Files (x86)\Microsoft Visual Studio 10.0\VC\bin\link.exe /ERRORREPORT:PROMPT /OUT:"C:\Users\kan\Desktop\Character_Recognition\Character_Recognition\Debug\Character_Recognition.exe" /INCREMENTAL /NOLOGO opencv_calib3d249d.lib opencv_contrib249d.lib opencv_core249d.lib opencv_features2d249d.lib opencv_flann249d.lib opencv_gpu249d.lib opencv_highgui249d.lib opencv_imgproc249d.lib opencv_legacy249d.lib opencv_ml249d.lib opencv_nonfree249d.lib opencv_objdetect249d.lib opencv_ocl249d.lib opencv_photo249d.lib opencv_ts249d.lib opencv_video249d.lib kernel32.lib user32.lib gdi32.lib winspool.lib comdlg32.lib advapi32.lib shell32.lib ole32.lib oleaut32.lib uuid.lib odbc32.lib odbccp32.lib /MANIFEST /ManifestFile:"Debug\Character_Recognition.exe.intermediate.manifest" /MANIFESTUAC:"level='asInvoker' uiAccess='false'" /DEBUG /PDB:"C:\Users\kan\Desktop\Character_Recognition\Character_Recognition\Debug\Character_Recognition.pdb" /SUBSYSTEM:CONSOLE /TLBID:1 /DYNAMICBASE /NXCOMPAT /IMPLIB:"C:\Users\kan\Desktop\Character_Recognition\Character_Recognition\Debug\Character_Recognition.lib" /MACHINE:X86 Debug\Character_Recognition.exe.embed.manifest.res
  Debug\basicOCR.obj
  Debug\main.obj
  Debug\preprocessing.obj
basicOCR.obj : error LNK2019: 无法解析的外部符号 _cvCreateMat，该符号在函数 "public: __thiscall basicOCR::basicOCR(void)" (??0basicOCR@@QAE@XZ) 中被引用
basicOCR.obj : error LNK2019: 无法解析的外部符号 _cvCopy，该符号在函数 "private: void __thiscall basicOCR::getData(void)" (?getData@basicOCR@@AAEXXZ) 中被引用
preprocessing.obj : error LNK2001: 无法解析的外部符号 _cvCopy
basicOCR.obj : error LNK2019: 无法解析的外部符号 _cvReshape，该符号在函数 "private: void __thiscall basicOCR::getData(void)" (?getData@basicOCR@@AAEXXZ) 中被引用
basicOCR.obj : error LNK2019: 无法解析的外部符号 _cvGetSubRect，该符号在函数 "private: void __thiscall basicOCR::getData(void)" (?getData@basicOCR@@AAEXXZ) 中被引用
preprocessing.obj : error LNK2001: 无法解析的外部符号 _cvGetSubRect
basicOCR.obj : error LNK2019: 无法解析的外部符号 _cvConvertScale，该符号在函数 "private: void __thiscall basicOCR::getData(void)" (?getData@basicOCR@@AAEXXZ) 中被引用
basicOCR.obj : error LNK2019: 无法解析的外部符号 _cvCreateImage，该符号在函数 "private: void __thiscall basicOCR::getData(void)" (?getData@basicOCR@@AAEXXZ) 中被引用
main.obj : error LNK2001: 无法解析的外部符号 _cvCreateImage
preprocessing.obj : error LNK2001: 无法解析的外部符号 _cvCreateImage
basicOCR.obj : error LNK2019: 无法解析的外部符号 _cvSet，该符号在函数 "private: void __thiscall basicOCR::getData(void)" (?getData@basicOCR@@AAEXXZ) 中被引用
main.obj : error LNK2001: 无法解析的外部符号 _cvSet
preprocessing.obj : error LNK2001: 无法解析的外部符号 _cvSet
basicOCR.obj : error LNK2019: 无法解析的外部符号 _cvLoadImage，该符号在函数 "private: void __thiscall basicOCR::getData(void)" (?getData@basicOCR@@AAEXXZ) 中被引用
basicOCR.obj : error LNK2019: 无法解析的外部符号 _cvGetRows，该符号在函数 _cvGetRow 中被引用
preprocessing.obj : error LNK2001: 无法解析的外部符号 _cvGetRows
basicOCR.obj : error LNK2019: 无法解析的外部符号 "public: __thiscall CvKNearest::CvKNearest(struct CvMat const *,struct CvMat const *,struct CvMat const *,bool,int)" (??0CvKNearest@@QAE@PBUCvMat@@00_NH@Z)，该符号在函数 "private: void __thiscall basicOCR::train(void)" (?train@basicOCR@@AAEXXZ) 中被引用
basicOCR.obj : error LNK2019: 无法解析的外部符号 _cvResetImageROI，该符号在函数 "public: class std::basic_string<char,struct std::char_traits<char>,class std::allocator<char> > __thiscall basicOCR::readText(class std::basic_string<char,struct std::char_traits<char>,class std::allocator<char> >)" (?readText@basicOCR@@QAE?AV?$basic_string@DU?$char_traits@D@std@@V?$allocator@D@2@@std@@V23@@Z) 中被引用
basicOCR.obj : error LNK2019: 无法解析的外部符号 _cvSetImageROI，该符号在函数 "public: class std::basic_string<char,struct std::char_traits<char>,class std::allocator<char> > __thiscall basicOCR::readText(class std::basic_string<char,struct std::char_traits<char>,class std::allocator<char> >)" (?readText@basicOCR@@QAE?AV?$basic_string@DU?$char_traits@D@std@@V?$allocator@D@2@@std@@V23@@Z) 中被引用
basicOCR.obj : error LNK2019: 无法解析的外部符号 _cvBoundingRect，该符号在函数 "public: class std::basic_string<char,struct std::char_traits<char>,class std::allocator<char> > __thiscall basicOCR::readText(class std::basic_string<char,struct std::char_traits<char>,class std::allocator<char> >)" (?readText@basicOCR@@QAE?AV?$basic_string@DU?$char_traits@D@std@@V?$allocator@D@2@@std@@V23@@Z) 中被引用
basicOCR.obj : error LNK2019: 无法解析的外部符号 _cvFindContours，该符号在函数 "public: class std::basic_string<char,struct std::char_traits<char>,class std::allocator<char> > __thiscall basicOCR::readText(class std::basic_string<char,struct std::char_traits<char>,class std::allocator<char> >)" (?readText@basicOCR@@QAE?AV?$basic_string@DU?$char_traits@D@std@@V?$allocator@D@2@@std@@V23@@Z) 中被引用
basicOCR.obj : error LNK2019: 无法解析的外部符号 _cvCreateMemStorage，该符号在函数 "public: class std::basic_string<char,struct std::char_traits<char>,class std::allocator<char> > __thiscall basicOCR::readText(class std::basic_string<char,struct std::char_traits<char>,class std::allocator<char> >)" (?readText@basicOCR@@QAE?AV?$basic_string@DU?$char_traits@D@std@@V?$allocator@D@2@@std@@V23@@Z) 中被引用
basicOCR.obj : error LNK2019: 无法解析的外部符号 _cvThreshold，该符号在函数 "public: class std::basic_string<char,struct std::char_traits<char>,class std::allocator<char> > __thiscall basicOCR::readText(class std::basic_string<char,struct std::char_traits<char>,class std::allocator<char> >)" (?readText@basicOCR@@QAE?AV?$basic_string@DU?$char_traits@D@std@@V?$allocator@D@2@@std@@V23@@Z) 中被引用
basicOCR.obj : error LNK2019: 无法解析的外部符号 _cvCvtColor，该符号在函数 "public: class std::basic_string<char,struct std::char_traits<char>,class std::allocator<char> > __thiscall basicOCR::readText(class std::basic_string<char,struct std::char_traits<char>,class std::allocator<char> >)" (?readText@basicOCR@@QAE?AV?$basic_string@DU?$char_traits@D@std@@V?$allocator@D@2@@std@@V23@@Z) 中被引用
basicOCR.obj : error LNK2019: 无法解析的外部符号 _cvGetSize，该符号在函数 "public: class std::basic_string<char,struct std::char_traits<char>,class std::allocator<char> > __thiscall basicOCR::readText(class std::basic_string<char,struct std::char_traits<char>,class std::allocator<char> >)" (?readText@basicOCR@@QAE?AV?$basic_string@DU?$char_traits@D@std@@V?$allocator@D@2@@std@@V23@@Z) 中被引用
main.obj : error LNK2019: 无法解析的外部符号 _cvShowImage，该符号在函数 "void __cdecl draw(int,int)" (?draw@@YAXHH@Z) 中被引用
main.obj : error LNK2019: 无法解析的外部符号 _cvCloneImage，该符号在函数 "void __cdecl draw(int,int)" (?draw@@YAXHH@Z) 中被引用
main.obj : error LNK2019: 无法解析的外部符号 _cvCircle，该符号在函数 "void __cdecl draw(int,int)" (?draw@@YAXHH@Z) 中被引用
main.obj : error LNK2019: 无法解析的外部符号 _cvDestroyWindow，该符号在函数 _main 中被引用
main.obj : error LNK2019: 无法解析的外部符号 _cvSaveImage，该符号在函数 _main 中被引用
main.obj : error LNK2019: 无法解析的外部符号 _cvWaitKey，该符号在函数 _main 中被引用
main.obj : error LNK2019: 无法解析的外部符号 _cvSetMouseCallback，该符号在函数 _main 中被引用
main.obj : error LNK2019: 无法解析的外部符号 _cvResizeWindow，该符号在函数 _main 中被引用
main.obj : error LNK2019: 无法解析的外部符号 _cvNamedWindow，该符号在函数 _main 中被引用
preprocessing.obj : error LNK2019: 无法解析的外部符号 _cvSum，该符号在函数 "void __cdecl findX(struct _IplImage *,int *,int *)" (?findX@@YAXPAU_IplImage@@PAH1@Z) 中被引用
preprocessing.obj : error LNK2019: 无法解析的外部符号 _cvGetCols，该符号在函数 _cvGetCol 中被引用
preprocessing.obj : error LNK2019: 无法解析的外部符号 _cvResize，该符号在函数 "struct _IplImage __cdecl preprocessing(struct _IplImage *,int,int)" (?preprocessing@@YA?AU_IplImage@@PAU1@HH@Z) 中被引用
C:\Users\kan\Desktop\Character_Recognition\Character_Recognition\Debug\Character_Recognition.exe : fatal error LNK1120: 30 个无法解析的外部命令
已完成生成项目“C:\Users\kan\Desktop\Character_Recognition\Character_Recognition\Character_Recognition.vcxproj”(build 个目标)的操作 - 失败。

生成失败。

已用时间 00:00:02.89
